<?xml version="1.0" encoding="UTF-8"?>
<!-- Generated by org.testng.reporters.JUnitXMLReporter -->
<testsuite ignored="0" hostname="DESKTOP-AHRFD9P" failures="0" tests="3" name="Default test" time="15.912" errors="0" timestamp="2020-12-19T17:37:50 IST">
  <testcase classname="com.todo_project.qa.TestCases.TestCases" name="verify_CompleteTask" time="0.007"/>
  <testcase classname="com.todo_project.qa.TestCases.TestCases" name="verify_NewTask" time="0.004"/>
  <testcase classname="com.todo_project.qa.TestCases.TestCases" name="verify_Titlename" time="4.186"/>
</testsuite> <!-- Default test -->
