<?xml version="1.0" encoding="UTF-8"?>
<testng-results ignored="0" total="3" passed="3" failed="0" skipped="0">
  <reporter-output>
  </reporter-output>
  <suite started-at="2020-12-20T00:37:36 IST" name="com.todo_project.qa.TestCases.TestCases" finished-at="2020-12-20T00:38:02 IST" duration-ms="25644">
    <groups>
    </groups>
    <test started-at="2020-12-20T00:37:36 IST" name="Command line test" finished-at="2020-12-20T00:38:02 IST" duration-ms="25644">
      <class name="com.todo_project.qa.TestCases.TestCases">
        <test-method is-config="true" signature="setup()[pri:0, instance:com.todo_project.qa.TestCases.TestCases@fe18270]" started-at="2020-12-20T00:37:36 IST" name="setup" finished-at="2020-12-20T00:37:49 IST" duration-ms="13112" status="PASS">
          <reporter-output>
          </reporter-output>
        </test-method> <!-- setup -->
        <test-method signature="CAse03_Verify_Delete_Task()[pri:0, instance:com.todo_project.qa.TestCases.TestCases@fe18270]" started-at="2020-12-20T00:37:50 IST" name="CAse03_Verify_Delete_Task" finished-at="2020-12-20T00:37:50 IST" duration-ms="1" status="PASS">
          <reporter-output>
          </reporter-output>
        </test-method> <!-- CAse03_Verify_Delete_Task -->
        <test-method signature="Case01_Verify_Titlename()[pri:0, instance:com.todo_project.qa.TestCases.TestCases@fe18270]" started-at="2020-12-20T00:37:50 IST" name="Case01_Verify_Titlename" finished-at="2020-12-20T00:37:50 IST" duration-ms="906" status="PASS">
          <reporter-output>
          </reporter-output>
        </test-method> <!-- Case01_Verify_Titlename -->
        <test-method signature="Case02_Verify_Add_New_Task()[pri:1, instance:com.todo_project.qa.TestCases.TestCases@fe18270]" started-at="2020-12-20T00:37:50 IST" name="Case02_Verify_Add_New_Task" finished-at="2020-12-20T00:38:02 IST" duration-ms="11590" status="PASS">
          <reporter-output>
          </reporter-output>
        </test-method> <!-- Case02_Verify_Add_New_Task -->
        <test-method is-config="true" signature="quit()[pri:0, instance:com.todo_project.qa.TestCases.TestCases@fe18270]" started-at="2020-12-20T00:38:02 IST" name="quit" finished-at="2020-12-20T00:38:02 IST" duration-ms="0" status="PASS">
          <reporter-output>
          </reporter-output>
        </test-method> <!-- quit -->
      </class> <!-- com.todo_project.qa.TestCases.TestCases -->
    </test> <!-- Command line test -->
  </suite> <!-- com.todo_project.qa.TestCases.TestCases -->
</testng-results>
