<?xml version="1.0" encoding="UTF-8"?>
<!-- Generated by org.testng.reporters.JUnitXMLReporter -->
<testsuite ignored="0" hostname="DESKTOP-AHRFD9P" failures="0" tests="3" name="Command line test" time="25.644" errors="0" timestamp="2020-12-20T00:38:02 IST">
  <testcase classname="com.todo_project.qa.TestCases.TestCases" name="CAse03_Verify_Delete_Task" time="0.001"/>
  <testcase classname="com.todo_project.qa.TestCases.TestCases" name="Case01_Verify_Titlename" time="0.906"/>
  <testcase classname="com.todo_project.qa.TestCases.TestCases" name="Case02_Verify_Add_New_Task" time="11.59"/>
</testsuite> <!-- Command line test -->
