<?xml version="1.0" encoding="UTF-8"?>
<testng-results ignored="0" total="3" passed="3" failed="0" skipped="0">
  <reporter-output>
  </reporter-output>
  <suite started-at="2020-12-19T17:37:34 IST" name="Default suite" finished-at="2020-12-19T17:37:50 IST" duration-ms="15912">
    <groups>
    </groups>
    <test started-at="2020-12-19T17:37:34 IST" name="Default test" finished-at="2020-12-19T17:37:50 IST" duration-ms="15912">
      <class name="com.todo_project.qa.TestCases.TestCases">
        <test-method is-config="true" signature="setup()[pri:0, instance:com.todo_project.qa.TestCases.TestCases@363ee3a2]" started-at="2020-12-19T17:37:34 IST" name="setup" finished-at="2020-12-19T17:37:45 IST" duration-ms="11667" status="PASS">
          <reporter-output>
          </reporter-output>
        </test-method> <!-- setup -->
        <test-method signature="verify_CompleteTask()[pri:0, instance:com.todo_project.qa.TestCases.TestCases@363ee3a2]" started-at="2020-12-19T17:37:45 IST" name="verify_CompleteTask" finished-at="2020-12-19T17:37:45 IST" duration-ms="7" status="PASS">
          <reporter-output>
          </reporter-output>
        </test-method> <!-- verify_CompleteTask -->
        <test-method signature="verify_NewTask()[pri:0, instance:com.todo_project.qa.TestCases.TestCases@363ee3a2]" started-at="2020-12-19T17:37:45 IST" name="verify_NewTask" finished-at="2020-12-19T17:37:45 IST" duration-ms="4" status="PASS">
          <reporter-output>
          </reporter-output>
        </test-method> <!-- verify_NewTask -->
        <test-method signature="verify_Titlename()[pri:0, instance:com.todo_project.qa.TestCases.TestCases@363ee3a2]" started-at="2020-12-19T17:37:45 IST" name="verify_Titlename" finished-at="2020-12-19T17:37:50 IST" duration-ms="4186" status="PASS">
          <reporter-output>
          </reporter-output>
        </test-method> <!-- verify_Titlename -->
        <test-method is-config="true" signature="quit()[pri:0, instance:com.todo_project.qa.TestCases.TestCases@363ee3a2]" started-at="2020-12-19T17:37:50 IST" name="quit" finished-at="2020-12-19T17:37:50 IST" duration-ms="0" status="PASS">
          <reporter-output>
          </reporter-output>
        </test-method> <!-- quit -->
      </class> <!-- com.todo_project.qa.TestCases.TestCases -->
    </test> <!-- Default test -->
  </suite> <!-- Default suite -->
</testng-results>
